feat/attendance/build/intermediates/manifest_merge_blame_file/release/processReleaseManifest/manifest-merger-blame-release-report.txt
1<?xml version="1.0" encoding="utf-8"?>
2<manifest xmlns:android="http://schemas.android.com/apk/res/android"
3    package="com.studypulse.feat.attendance" >
4
5    <uses-sdk android:minSdkVersion="26" />
6
7    <application>
7-->src/main/AndroidManifest.xml:4:5-17:19
8        <receiver android:name="com.studypulse.feat.attendance.notification.ClassAlarmReceiver" />
8-->src/main/AndroidManifest.xml:5:9-99
8-->src/main/AndroidManifest.xml:5:19-96
9        <receiver android:name="com.studypulse.feat.attendance.notification.AttendanceActionReceiver" />
9-->src/main/AndroidManifest.xml:7:9-105
9-->src/main/AndroidManifest.xml:7:19-102
10        <receiver
10-->src/main/AndroidManifest.xml:9:9-16:20
11            android:name="com.studypulse.feat.attendance.notification.BootReceiver"
11-->src/main/AndroidManifest.xml:10:13-84
12            android:exported="true" >
12-->src/main/AndroidManifest.xml:11:13-36
13            <intent-filter>
13-->src/main/AndroidManifest.xml:13:13-15:29
14                <action android:name="android.intent.action.BOOT_COMPLETED" />
14-->src/main/AndroidManifest.xml:14:17-79
14-->src/main/AndroidManifest.xml:14:25-76
15            </intent-filter>
16        </receiver>
17    </application>
18
19</manifest>